2024-05-05T14:53:24.827Z - Начало работы сервера
2024-05-05T14:57:58.521Z - Начало работы сервера
2024-05-05T15:08:03.533Z - Начало работы сервера
2024-05-05T15:13:28.404Z - Начало работы сервера
2024-05-05T15:13:47.633Z - Incoming request data:
2024-05-05T15:13:47.633Z - InvId:
2024-05-05T15:13:47.633Z - SignatureValue:
2024-05-05T15:13:47.644Z - Score found:
2024-05-05T15:13:47.647Z - Calculated signatureValue:
2024-05-05T15:13:47.647Z - Signature verified.
2024-05-05T15:13:47.659Z - User found:
2024-05-05T15:13:47.684Z - User balance updated:
2024-05-05T15:24:02.237Z - Incoming request data:
2024-05-05T15:24:02.237Z - InvId:
2024-05-05T15:24:02.237Z - SignatureValue:
2024-05-05T15:24:02.242Z - Score found:
2024-05-05T15:24:02.243Z - Calculated signatureValue:
2024-05-05T15:24:02.243Z - Signature verified.
2024-05-05T15:24:02.256Z - User found:
2024-05-05T15:24:02.265Z - User balance updated:
2024-05-05T15:34:23.593Z - Начало работы сервера
2024-05-05T15:43:37.627Z - Incoming request data:
2024-05-05T15:43:37.627Z - InvId:
2024-05-05T15:43:37.627Z - SignatureValue:
2024-05-05T15:43:37.629Z - Score found:
2024-05-05T15:43:37.629Z - Calculated signatureValue:
2024-05-05T15:43:37.629Z - Signature verified.
2024-05-05T15:43:37.632Z - User found:
2024-05-05T15:43:37.643Z - User balance updated:
2024-05-05T16:59:30.727Z - Incoming request data:
2024-05-05T16:59:30.727Z - InvId:
2024-05-05T16:59:30.727Z - SignatureValue:
2024-05-05T16:59:30.729Z - Score found:
2024-05-05T16:59:30.729Z - Calculated signatureValue:
2024-05-05T16:59:30.729Z - Signature verified.
2024-05-05T16:59:30.731Z - User found:
2024-05-05T16:59:30.744Z - User balance updated:
2024-05-05T17:00:44.865Z - Incoming request data:
2024-05-05T17:00:44.865Z - InvId:
2024-05-05T17:00:44.865Z - SignatureValue:
2024-05-05T17:00:44.869Z - Score found:
2024-05-05T17:00:44.869Z - Calculated signatureValue:
2024-05-05T17:00:44.869Z - Signature verified.
2024-05-05T17:00:44.871Z - User found:
2024-05-05T17:00:44.879Z - User balance updated:
2024-05-05T17:02:29.830Z - Incoming request data:
2024-05-05T17:02:29.830Z - InvId:
2024-05-05T17:02:29.830Z - SignatureValue:
2024-05-05T17:02:29.831Z - Score found:
2024-05-05T17:02:29.831Z - Calculated signatureValue:
2024-05-05T17:02:29.831Z - Signature verified.
2024-05-05T17:02:29.832Z - User found:
2024-05-05T17:02:29.834Z - User balance updated:
2024-05-05T17:02:33.030Z - Incoming request data:
2024-05-05T17:02:33.030Z - InvId:
2024-05-05T17:02:33.030Z - SignatureValue:
2024-05-05T17:02:33.031Z - Score found:
2024-05-05T17:02:33.031Z - Calculated signatureValue:
2024-05-05T17:02:33.031Z - Signature verified.
2024-05-05T17:02:33.033Z - User found:
2024-05-05T17:02:33.035Z - User balance updated:
2024-05-05T18:17:52.496Z - Начало работы сервера
2024-05-05T18:26:26.203Z - Начало работы сервера
2024-05-05T18:30:38.760Z - Начало работы сервера
2024-05-05T18:50:51.098Z - Начало работы сервера
2024-05-05T19:04:13.673Z - Начало работы сервера
2024-05-05T19:35:26.664Z - Начало работы сервера
2024-05-05T21:32:54.633Z - Начало работы сервера
2024-05-05T21:51:07.558Z - Начало работы сервера
2024-05-05T21:52:47.218Z - Начало работы сервера
2024-05-05T21:52:52.736Z - Начало работы сервера
2024-05-05T21:58:00.327Z - Начало работы сервера
2024-05-06T11:50:03.689Z - Начало работы сервера
2024-05-06T12:32:38.389Z - Начало работы сервера
2024-05-06T12:45:48.107Z - Начало работы сервера
2024-05-06T15:27:41.040Z - Начало работы сервера
2024-05-06T03:58:55.677Z - Начало работы сервера
2024-05-06T04:08:34.597Z - Начало работы сервера
2024-05-06T03:59:13.802Z - Начало работы сервера
